mode: set
relap/pkg/repositories/storage/storage_file.go:15.63,20.2 1 1
relap/pkg/repositories/storage/storage_file.go:23.92,25.2 1 1
relap/pkg/repositories/storage/storage_file.go:28.94,30.2 1 1
relap/pkg/repositories/storage/storage_file.go:33.55,35.2 1 1
relap/pkg/repositories/handler/handler_html.go:24.20,26.2 1 1
relap/pkg/repositories/handler/handler_html.go:29.90,30.30 1 1
relap/pkg/repositories/handler/handler_html.go:40.2,40.8 1 1
relap/pkg/repositories/handler/handler_html.go:30.30,31.45 1 1
relap/pkg/repositories/handler/handler_html.go:35.3,35.28 1 1
relap/pkg/repositories/handler/handler_html.go:31.45,33.4 1 1
relap/pkg/repositories/handler/handler_html.go:35.28,37.4 1 1
relap/pkg/repositories/handler/handler_html.go:44.64,47.6 3 1
relap/pkg/repositories/handler/handler_html.go:83.2,83.21 1 1
relap/pkg/repositories/handler/handler_html.go:47.6,51.25 4 1
relap/pkg/repositories/handler/handler_html.go:55.3,55.13 1 1
relap/pkg/repositories/handler/handler_html.go:79.3,79.53 1 1
relap/pkg/repositories/handler/handler_html.go:51.25,52.9 1 1
relap/pkg/repositories/handler/handler_html.go:56.53,57.25 1 1
relap/pkg/repositories/handler/handler_html.go:64.4,64.24 1 1
relap/pkg/repositories/handler/handler_html.go:57.25,59.36 2 1
relap/pkg/repositories/handler/handler_html.go:59.36,61.11 2 1
relap/pkg/repositories/handler/handler_html.go:64.24,66.15 2 1
relap/pkg/repositories/handler/handler_html.go:69.5,70.17 2 1
relap/pkg/repositories/handler/handler_html.go:73.5,74.38 2 1
relap/pkg/repositories/handler/handler_html.go:66.15,68.6 1 1
relap/pkg/repositories/handler/handler_html.go:70.17,72.6 1 1
relap/pkg/repositories/handler/handler_html.go:74.38,76.6 1 1
relap/pkg/repositories/handler/handler_html.go:79.53,80.9 1 1
relap/pkg/repositories/handler/handler_html.go:86.39,89.29 3 1
relap/pkg/repositories/handler/handler_html.go:92.2,92.13 1 1
relap/pkg/repositories/handler/handler_html.go:89.29,91.3 1 0
relap/pkg/repositories/worker/worker.go:16.41,23.2 1 1
relap/pkg/repositories/worker/worker.go:26.89,28.20 2 1
relap/pkg/repositories/worker/worker.go:31.2,33.44 2 1
relap/pkg/repositories/worker/worker.go:42.2,43.22 2 1
relap/pkg/repositories/worker/worker.go:46.2,48.24 3 1
relap/pkg/repositories/worker/worker.go:28.20,30.3 1 1
relap/pkg/repositories/worker/worker.go:33.44,41.3 2 1
relap/pkg/repositories/worker/worker.go:43.22,45.3 1 1
